<?xml version="1.0" encoding="UTF-8"?>
<!-- Generated by org.testng.reporters.JUnitReportReporter -->
<testsuite hostname="toshiba-PC" name="Tests.SapCateogry" tests="1" failures="0" timestamp="7 Dec 2019 11:55:16 GMT" time="16.061" errors="0">
  <testcase name="sapCourse" time="16.061" classname="Tests.SapCateogry"/>
</testsuite> <!-- Tests.SapCateogry -->
