<?xml version="1.0" encoding="UTF-8"?>
<!-- Generated by org.testng.reporters.JUnitXMLReporter -->
<testsuite hostname="toshiba-PC" name="TestResult" tests="1" failures="0" timestamp="7 Dec 2019 11:55:15 GMT" time="59.386" errors="0">
  <testcase name="sapCourse" time="16.061" classname="Tests.SapCateogry"/>
</testsuite> <!-- TestResult -->
